C:\Program Files (x86)\Microsoft Visual Studio\2017\Professional\Common7\IDE\VC\VCTargets\Microsoft.CppBuild.targets(373,5): warning MSB8004: Output Directory does not end with a trailing slash.  This build instance will add the slash as it is required to allow proper evaluation of the Output Directory.
  AntiAntiAim.cpp
  Autowall.cpp
  Chams.cpp
  Controls.cpp
  CRC32.cpp
  DLLMain.cpp
DLLMain.cpp(2): fatal error C1083: Cannot open include file: 'DLLMain.h': No such file or directory
  Dumping.cpp
  ESP.cpp
  GUI.cpp
  Hacks.cpp
  NightMode.cpp
c1xx : fatal error C1083: Cannot open source file: 'NightMode.cpp': No such file or directory
  Hooks.cpp
  ReflectiveLoader.cpp
  Interfaces.cpp
  LegitBot.cpp
  MathFunctions.cpp
  Menu.cpp
  MetaInfo.cpp
  MiscHacks.cpp
  NetVarManager.cpp
  NetVars.cpp
  Offsets.cpp
  RageBot.cpp
  RenderManager.cpp
  Resolver.cpp
  SpoofedConvar.cpp
  tinyxml2.cpp
  UTIL Functions.cpp
  Utilities.cpp
  Visual.cpp
  Window.cpp
